<?xml version="1.0" encoding="UTF-8"?>
<!-- Generated by org.testng.reporters.JUnitXMLReporter -->
<testsuite ignored="0" hostname="DESKTOP-G7826BS" failures="2" tests="2" name="smoke" time="0.055" errors="0" timestamp="2026-09-15T23:38:25 IST">
  <testcase classname="Test_Runner.AdminRunner" name="UservalidateusernameClear" time="0.006">
    <failure type="java.lang.NullPointerException" message="Cannot invoke &amp;quot;PageObjectModule.Admin_page.userClickOnAdminButton()&amp;quot; because &amp;quot;this.ad&amp;quot; is null">
      <![CDATA[java.lang.NullPointerException: Cannot invoke "PageObjectModule.Admin_page.userClickOnAdminButton()" because "this.ad" is null
at Test_Runner.AdminRunner.UservalidateusernameClear(AdminRunner.java:39)
at java.base/java.util.ArrayList.forEach(ArrayList.java:1511)
... Removed 27 stack frames]]>
    </failure>
  </testcase> <!-- UservalidateusernameClear -->
  <testcase classname="Test_Runner.AdminRunner" name="ValidateAdminFunctionlity" time="0.001">
    <failure type="java.lang.NullPointerException" message="Cannot invoke &amp;quot;PageObjectModule.Admin_page.userClickOnAdminButton()&amp;quot; because &amp;quot;this.ad&amp;quot; is null">
      <![CDATA[java.lang.NullPointerException: Cannot invoke "PageObjectModule.Admin_page.userClickOnAdminButton()" because "this.ad" is null
at Test_Runner.AdminRunner.ValidateAdminFunctionlity(AdminRunner.java:26)
at java.base/java.util.ArrayList.forEach(ArrayList.java:1511)
... Removed 27 stack frames]]>
    </failure>
  </testcase> <!-- ValidateAdminFunctionlity -->
</testsuite> <!-- smoke -->
