<?xml version="1.0" encoding="UTF-8"?>
<!-- Generated by org.testng.reporters.JUnitXMLReporter -->
<testsuite ignored="1" hostname="DESKTOP-G7826BS" failures="0" tests="3" name="User check Admin Module and leave module" time="43.058" errors="0" timestamp="2026-09-23T21:36:37 IST">
  <testcase classname="Test_Runner.AdminRunner" name="UservalidateusernameClear" time="1.239"/>
  <testcase classname="Test_Runner.AdminRunner" name="ValidateAdminFunctionlity" time="5.82"/>
  <testcase classname="Test_Runner.LeaveRunner" name="Leave_functionlity" time="17.506"/>
  <testcase classname="Utility.Apputils" name="@BeforeSuite BeforeSuitmehtod" time="0.0">
    <ignored/>
  </testcase> <!-- @BeforeSuite BeforeSuitmehtod -->
</testsuite> <!-- User check Admin Module and leave module -->
