<?xml version="1.0" encoding="UTF-8"?>
<!-- Generated by org.testng.reporters.JUnitXMLReporter -->
<testsuite ignored="1" hostname="DESKTOP-G7826BS" failures="0" tests="3" name="User check Admin Module and leave module" time="47.618" errors="0" timestamp="2026-09-16T14:06:13 IST">
  <testcase classname="Test_Runner.AdminRunner" name="UservalidateusernameClear" time="1.29"/>
  <testcase classname="Test_Runner.AdminRunner" name="ValidateAdminFunctionlity" time="6.275"/>
  <testcase classname="Test_Runner.LeaveRunner" name="Leave_functionlity" time="17.566"/>
  <testcase classname="Utility.Apputils" name="@BeforeSuite BeforeSuitmehtod" time="0.0">
    <ignored/>
  </testcase> <!-- @BeforeSuite BeforeSuitmehtod -->
</testsuite> <!-- User check Admin Module and leave module -->
