<?xml version="1.0" encoding="UTF-8"?>
<!-- Generated by org.testng.reporters.JUnitXMLReporter -->
<testsuite ignored="1" hostname="DESKTOP-G7826BS" failures="0" tests="4" name="User check PIM module" time="43.467" errors="0" timestamp="2026-09-16T14:06:56 IST">
  <testcase classname="Test_Runner.PIMRunner" name="ValidatePIMfunctionlity" time="3.731"/>
  <testcase classname="Test_Runner.DirectioryRunner" name="Directory_functionlity" time="4.857"/>
  <testcase classname="Test_Runner.DirectioryRunner" name="Directory_functionlity" time="4.924"/>
  <testcase classname="Test_Runner.DirectioryRunner" name="Directory_functionlity" time="4.706"/>
  <testcase classname="Utility.Apputils" name="@BeforeSuite BeforeSuitmehtod" time="0.0">
    <ignored/>
  </testcase> <!-- @BeforeSuite BeforeSuitmehtod -->
</testsuite> <!-- User check PIM module -->
