<?xml version="1.0" encoding="UTF-8"?>
<!-- Generated by org.testng.reporters.JUnitXMLReporter -->
<testsuite ignored="1" hostname="DESKTOP-G7826BS" failures="0" tests="4" name="User check PIM module" time="41.506" errors="0" timestamp="2026-09-23T21:37:19 IST">
  <testcase classname="Test_Runner.PIMRunner" name="ValidatePIMfunctionlity" time="3.369"/>
  <testcase classname="Test_Runner.DirectioryRunner" name="Directory_functionlity" time="5.552"/>
  <testcase classname="Test_Runner.DirectioryRunner" name="Directory_functionlity" time="4.245"/>
  <testcase classname="Test_Runner.DirectioryRunner" name="Directory_functionlity" time="4.263"/>
  <testcase classname="Utility.Apputils" name="@BeforeSuite BeforeSuitmehtod" time="0.0">
    <ignored/>
  </testcase> <!-- @BeforeSuite BeforeSuitmehtod -->
</testsuite> <!-- User check PIM module -->
