<?xml version="1.0" encoding="UTF-8"?>
<testng-results ignored="0" total="7" passed="7" failed="0" skipped="0">
  <reporter-output>
  </reporter-output>
  <suite started-at="2026-09-16T14:05:25 IST" name="All Scenarios" finished-at="2026-09-16T14:06:56 IST" duration-ms="91156">
    <groups>
      <group name="smoke">
        <method signature="AdminRunner.UservalidateusernameClear()[pri:0, instance:Test_Runner.AdminRunner@5ddeb7cb]" name="UservalidateusernameClear" class="Test_Runner.AdminRunner"/>
        <method signature="AdminRunner.ValidateAdminFunctionlity()[pri:0, instance:Test_Runner.AdminRunner@5ddeb7cb]" name="ValidateAdminFunctionlity" class="Test_Runner.AdminRunner"/>
      </group> <!-- smoke -->
    </groups>
    <test started-at="2026-09-16T14:05:25 IST" name="User check Admin Module and leave module" finished-at="2026-09-16T14:06:13 IST" duration-ms="47618">
      <class name="Test_Runner.LeaveRunner">
        <test-method is-config="true" signature="Beforeclassmethod()[pri:0, instance:Test_Runner.LeaveRunner@45d84a20]" started-at="2026-09-16T14:05:46 IST" name="Beforeclassmethod" finished-at="2026-09-16T14:05:46 IST" duration-ms="0" status="PASS">
          <reporter-output>
          </reporter-output>
        </test-method> <!-- Beforeclassmethod -->
        <test-method is-config="true" signature="LaunchApp(java.lang.String)[pri:0, instance:Test_Runner.LeaveRunner@45d84a20]" started-at="2026-09-16T14:05:46 IST" name="LaunchApp" finished-at="2026-09-16T14:05:55 IST" duration-ms="8616" status="PASS">
          <params>
            <param index="0">
              <value>
                <![CDATA[chrome]]>
              </value>
            </param>
          </params>
          <reporter-output>
          </reporter-output>
        </test-method> <!-- LaunchApp -->
        <test-method is-config="true" signature="driverinit()[pri:0, instance:Test_Runner.LeaveRunner@45d84a20]" started-at="2026-09-16T14:05:55 IST" name="driverinit" finished-at="2026-09-16T14:05:55 IST" duration-ms="17" status="PASS">
          <reporter-output>
          </reporter-output>
        </test-method> <!-- driverinit -->
        <test-method signature="Leave_functionlity()[pri:0, instance:Test_Runner.LeaveRunner@45d84a20]" started-at="2026-09-16T14:05:55 IST" name="Leave_functionlity" finished-at="2026-09-16T14:06:12 IST" duration-ms="17566" status="PASS">
          <reporter-output>
          </reporter-output>
        </test-method> <!-- Leave_functionlity -->
        <test-method is-config="true" signature="close(org.testng.ITestResult)[pri:0, instance:Test_Runner.LeaveRunner@45d84a20]" started-at="2026-09-16T14:06:12 IST" name="close" finished-at="2026-09-16T14:06:13 IST" duration-ms="201" status="PASS">
          <params>
            <param index="0">
              <value>
                <![CDATA[[TestResult name=Leave_functionlity status=SUCCESS method=LeaveRunner.Leave_functionlity()[pri:0, instance:Test_Runner.LeaveRunner@45d84a20] output={null}]]]>
              </value>
            </param>
          </params>
          <reporter-output>
          </reporter-output>
        </test-method> <!-- close -->
      </class> <!-- Test_Runner.LeaveRunner -->
      <class name="Test_Runner.AdminRunner">
        <test-method is-config="true" signature="Beforeclassmethod()[pri:0, instance:Test_Runner.AdminRunner@5ddeb7cb]" started-at="2026-09-16T14:05:25 IST" name="Beforeclassmethod" finished-at="2026-09-16T14:05:25 IST" duration-ms="1" status="PASS">
          <reporter-output>
          </reporter-output>
        </test-method> <!-- Beforeclassmethod -->
        <test-method is-config="true" signature="LaunchApp(java.lang.String)[pri:0, instance:Test_Runner.AdminRunner@5ddeb7cb]" started-at="2026-09-16T14:05:25 IST" name="LaunchApp" finished-at="2026-09-16T14:05:32 IST" duration-ms="7252" status="PASS">
          <params>
            <param index="0">
              <value>
                <![CDATA[chrome]]>
              </value>
            </param>
          </params>
          <reporter-output>
          </reporter-output>
        </test-method> <!-- LaunchApp -->
        <test-method is-config="true" signature="initPage()[pri:0, instance:Test_Runner.AdminRunner@5ddeb7cb]" started-at="2026-09-16T14:05:32 IST" name="initPage" finished-at="2026-09-16T14:05:32 IST" duration-ms="8" status="PASS">
          <reporter-output>
          </reporter-output>
        </test-method> <!-- initPage -->
        <test-method signature="UservalidateusernameClear()[pri:0, instance:Test_Runner.AdminRunner@5ddeb7cb]" started-at="2026-09-16T14:05:32 IST" name="UservalidateusernameClear" finished-at="2026-09-16T14:05:34 IST" duration-ms="1290" status="PASS">
          <reporter-output>
          </reporter-output>
        </test-method> <!-- UservalidateusernameClear -->
        <test-method is-config="true" signature="close(org.testng.ITestResult)[pri:0, instance:Test_Runner.AdminRunner@5ddeb7cb]" started-at="2026-09-16T14:05:34 IST" name="close" finished-at="2026-09-16T14:05:34 IST" duration-ms="197" status="PASS">
          <params>
            <param index="0">
              <value>
                <![CDATA[[TestResult name=UservalidateusernameClear status=SUCCESS method=AdminRunner.UservalidateusernameClear()[pri:0, instance:Test_Runner.AdminRunner@5ddeb7cb] output={null}]]]>
              </value>
            </param>
          </params>
          <reporter-output>
          </reporter-output>
        </test-method> <!-- close -->
        <test-method is-config="true" signature="LaunchApp(java.lang.String)[pri:0, instance:Test_Runner.AdminRunner@5ddeb7cb]" started-at="2026-09-16T14:05:34 IST" name="LaunchApp" finished-at="2026-09-16T14:05:40 IST" duration-ms="5921" status="PASS">
          <params>
            <param index="0">
              <value>
                <![CDATA[chrome]]>
              </value>
            </param>
          </params>
          <reporter-output>
          </reporter-output>
        </test-method> <!-- LaunchApp -->
        <test-method is-config="true" signature="initPage()[pri:0, instance:Test_Runner.AdminRunner@5ddeb7cb]" started-at="2026-09-16T14:05:40 IST" name="initPage" finished-at="2026-09-16T14:05:40 IST" duration-ms="2" status="PASS">
          <reporter-output>
          </reporter-output>
        </test-method> <!-- initPage -->
        <test-method signature="ValidateAdminFunctionlity()[pri:0, instance:Test_Runner.AdminRunner@5ddeb7cb]" started-at="2026-09-16T14:05:40 IST" name="ValidateAdminFunctionlity" finished-at="2026-09-16T14:05:46 IST" duration-ms="6275" status="PASS">
          <reporter-output>
          </reporter-output>
        </test-method> <!-- ValidateAdminFunctionlity -->
        <test-method is-config="true" signature="close(org.testng.ITestResult)[pri:0, instance:Test_Runner.AdminRunner@5ddeb7cb]" started-at="2026-09-16T14:05:46 IST" name="close" finished-at="2026-09-16T14:05:46 IST" duration-ms="190" status="PASS">
          <params>
            <param index="0">
              <value>
                <![CDATA[[TestResult name=ValidateAdminFunctionlity status=SUCCESS method=AdminRunner.ValidateAdminFunctionlity()[pri:0, instance:Test_Runner.AdminRunner@5ddeb7cb] output={null}]]]>
              </value>
            </param>
          </params>
          <reporter-output>
          </reporter-output>
        </test-method> <!-- close -->
      </class> <!-- Test_Runner.AdminRunner -->
    </test> <!-- User check Admin Module and leave module -->
    <test started-at="2026-09-16T14:06:13 IST" name="User check PIM module" finished-at="2026-09-16T14:06:56 IST" duration-ms="43467">
      <class name="Test_Runner.DirectioryRunner">
        <test-method is-config="true" signature="Beforeclassmethod()[pri:0, instance:Test_Runner.DirectioryRunner@782859e]" started-at="2026-09-16T14:06:23 IST" name="Beforeclassmethod" finished-at="2026-09-16T14:06:23 IST" duration-ms="1" status="PASS">
          <reporter-output>
          </reporter-output>
        </test-method> <!-- Beforeclassmethod -->
        <test-method is-config="true" signature="LaunchApp(java.lang.String)[pri:0, instance:Test_Runner.DirectioryRunner@782859e]" started-at="2026-09-16T14:06:23 IST" name="LaunchApp" finished-at="2026-09-16T14:06:30 IST" duration-ms="6455" status="PASS">
          <params>
            <param index="0">
              <value>
                <![CDATA[chrome]]>
              </value>
            </param>
          </params>
          <reporter-output>
          </reporter-output>
        </test-method> <!-- LaunchApp -->
        <test-method is-config="true" signature="driversetup()[pri:0, instance:Test_Runner.DirectioryRunner@782859e]" started-at="2026-09-16T14:06:30 IST" name="driversetup" finished-at="2026-09-16T14:06:30 IST" duration-ms="4" status="PASS">
          <reporter-output>
          </reporter-output>
        </test-method> <!-- driversetup -->
        <test-method signature="Directory_functionlity(java.lang.String)[pri:0, instance:Test_Runner.DirectioryRunner@782859e]" started-at="2026-09-16T14:06:30 IST" name="Directory_functionlity" data-provider="data" finished-at="2026-09-16T14:06:35 IST" duration-ms="4857" status="PASS">
          <params>
            <param index="0">
              <value>
                <![CDATA[user1]]>
              </value>
            </param>
          </params>
          <reporter-output>
          </reporter-output>
        </test-method> <!-- Directory_functionlity -->
        <test-method is-config="true" signature="close(org.testng.ITestResult)[pri:0, instance:Test_Runner.DirectioryRunner@782859e]" started-at="2026-09-16T14:06:35 IST" name="close" finished-at="2026-09-16T14:06:35 IST" duration-ms="198" status="PASS">
          <params>
            <param index="0">
              <value>
                <![CDATA[[TestResult name=Directory_functionlity status=SUCCESS method=DirectioryRunner.Directory_functionlity(java.lang.String)[pri:0, instance:Test_Runner.DirectioryRunner@782859e] output={null}]]]>
              </value>
            </param>
          </params>
          <reporter-output>
          </reporter-output>
        </test-method> <!-- close -->
        <test-method is-config="true" signature="LaunchApp(java.lang.String)[pri:0, instance:Test_Runner.DirectioryRunner@782859e]" started-at="2026-09-16T14:06:35 IST" name="LaunchApp" finished-at="2026-09-16T14:06:40 IST" duration-ms="5125" status="PASS">
          <params>
            <param index="0">
              <value>
                <![CDATA[chrome]]>
              </value>
            </param>
          </params>
          <reporter-output>
          </reporter-output>
        </test-method> <!-- LaunchApp -->
        <test-method signature="Directory_functionlity(java.lang.String)[pri:0, instance:Test_Runner.DirectioryRunner@782859e]" started-at="2026-09-16T14:06:40 IST" name="Directory_functionlity" data-provider="data" finished-at="2026-09-16T14:06:45 IST" duration-ms="4924" status="PASS">
          <params>
            <param index="0">
              <value>
                <![CDATA[user2]]>
              </value>
            </param>
          </params>
          <reporter-output>
          </reporter-output>
        </test-method> <!-- Directory_functionlity -->
        <test-method is-config="true" signature="driversetup()[pri:0, instance:Test_Runner.DirectioryRunner@782859e]" started-at="2026-09-16T14:06:40 IST" name="driversetup" finished-at="2026-09-16T14:06:40 IST" duration-ms="0" status="PASS">
          <reporter-output>
          </reporter-output>
        </test-method> <!-- driversetup -->
        <test-method is-config="true" signature="close(org.testng.ITestResult)[pri:0, instance:Test_Runner.DirectioryRunner@782859e]" started-at="2026-09-16T14:06:45 IST" name="close" finished-at="2026-09-16T14:06:45 IST" duration-ms="175" status="PASS">
          <params>
            <param index="0">
              <value>
                <![CDATA[[TestResult name=Directory_functionlity status=SUCCESS method=DirectioryRunner.Directory_functionlity(java.lang.String)[pri:0, instance:Test_Runner.DirectioryRunner@782859e] output={null}]]]>
              </value>
            </param>
          </params>
          <reporter-output>
          </reporter-output>
        </test-method> <!-- close -->
        <test-method is-config="true" signature="LaunchApp(java.lang.String)[pri:0, instance:Test_Runner.DirectioryRunner@782859e]" started-at="2026-09-16T14:06:45 IST" name="LaunchApp" finished-at="2026-09-16T14:06:51 IST" duration-ms="6083" status="PASS">
          <params>
            <param index="0">
              <value>
                <![CDATA[chrome]]>
              </value>
            </param>
          </params>
          <reporter-output>
          </reporter-output>
        </test-method> <!-- LaunchApp -->
        <test-method signature="Directory_functionlity(java.lang.String)[pri:0, instance:Test_Runner.DirectioryRunner@782859e]" started-at="2026-09-16T14:06:51 IST" name="Directory_functionlity" data-provider="data" finished-at="2026-09-16T14:06:56 IST" duration-ms="4706" status="PASS">
          <params>
            <param index="0">
              <value>
                <![CDATA[user3]]>
              </value>
            </param>
          </params>
          <reporter-output>
          </reporter-output>
        </test-method> <!-- Directory_functionlity -->
        <test-method is-config="true" signature="driversetup()[pri:0, instance:Test_Runner.DirectioryRunner@782859e]" started-at="2026-09-16T14:06:51 IST" name="driversetup" finished-at="2026-09-16T14:06:51 IST" duration-ms="0" status="PASS">
          <reporter-output>
          </reporter-output>
        </test-method> <!-- driversetup -->
        <test-method is-config="true" signature="close(org.testng.ITestResult)[pri:0, instance:Test_Runner.DirectioryRunner@782859e]" started-at="2026-09-16T14:06:56 IST" name="close" finished-at="2026-09-16T14:06:56 IST" duration-ms="177" status="PASS">
          <params>
            <param index="0">
              <value>
                <![CDATA[[TestResult name=Directory_functionlity status=SUCCESS method=DirectioryRunner.Directory_functionlity(java.lang.String)[pri:0, instance:Test_Runner.DirectioryRunner@782859e] output={null}]]]>
              </value>
            </param>
          </params>
          <reporter-output>
          </reporter-output>
        </test-method> <!-- close -->
      </class> <!-- Test_Runner.DirectioryRunner -->
      <class name="Test_Runner.PIMRunner">
        <test-method is-config="true" signature="BeforeSuitmehtod()[pri:0, instance:Test_Runner.PIMRunner@3932c79a]" started-at="2026-09-16T14:05:25 IST" name="BeforeSuitmehtod" finished-at="2026-09-16T14:05:25 IST" duration-ms="12" status="PASS">
          <reporter-output>
          </reporter-output>
        </test-method> <!-- BeforeSuitmehtod -->
        <test-method is-config="true" signature="Beforeclassmethod()[pri:0, instance:Test_Runner.PIMRunner@3932c79a]" started-at="2026-09-16T14:06:13 IST" name="Beforeclassmethod" finished-at="2026-09-16T14:06:13 IST" duration-ms="0" status="PASS">
          <reporter-output>
          </reporter-output>
        </test-method> <!-- Beforeclassmethod -->
        <test-method is-config="true" signature="LaunchApp(java.lang.String)[pri:0, instance:Test_Runner.PIMRunner@3932c79a]" started-at="2026-09-16T14:06:13 IST" name="LaunchApp" finished-at="2026-09-16T14:06:19 IST" duration-ms="6768" status="PASS">
          <params>
            <param index="0">
              <value>
                <![CDATA[chrome]]>
              </value>
            </param>
          </params>
          <reporter-output>
          </reporter-output>
        </test-method> <!-- LaunchApp -->
        <test-method is-config="true" signature="driversetup()[pri:0, instance:Test_Runner.PIMRunner@3932c79a]" started-at="2026-09-16T14:06:19 IST" name="driversetup" finished-at="2026-09-16T14:06:19 IST" duration-ms="3" status="PASS">
          <reporter-output>
          </reporter-output>
        </test-method> <!-- driversetup -->
        <test-method signature="ValidatePIMfunctionlity()[pri:0, instance:Test_Runner.PIMRunner@3932c79a]" started-at="2026-09-16T14:06:19 IST" name="ValidatePIMfunctionlity" finished-at="2026-09-16T14:06:23 IST" duration-ms="3731" status="PASS">
          <reporter-output>
          </reporter-output>
        </test-method> <!-- ValidatePIMfunctionlity -->
        <test-method is-config="true" signature="close(org.testng.ITestResult)[pri:0, instance:Test_Runner.PIMRunner@3932c79a]" started-at="2026-09-16T14:06:23 IST" name="close" finished-at="2026-09-16T14:06:23 IST" duration-ms="233" status="PASS">
          <params>
            <param index="0">
              <value>
                <![CDATA[[TestResult name=ValidatePIMfunctionlity status=SUCCESS method=PIMRunner.ValidatePIMfunctionlity()[pri:0, instance:Test_Runner.PIMRunner@3932c79a] output={null}]]]>
              </value>
            </param>
          </params>
          <reporter-output>
          </reporter-output>
        </test-method> <!-- close -->
      </class> <!-- Test_Runner.PIMRunner -->
    </test> <!-- User check PIM module -->
  </suite> <!-- All Scenarios -->
</testng-results>
