<?xml version="1.0" encoding="UTF-8"?>
<testng-results ignored="0" total="7" passed="7" failed="0" skipped="0">
  <reporter-output>
  </reporter-output>
  <suite started-at="2026-09-23T21:35:54 IST" name="All Scenarios" finished-at="2026-09-23T21:37:19 IST" duration-ms="84615">
    <groups>
      <group name="smoke">
        <method signature="AdminRunner.UservalidateusernameClear()[pri:0, instance:Test_Runner.AdminRunner@5ddeb7cb]" name="UservalidateusernameClear" class="Test_Runner.AdminRunner"/>
        <method signature="AdminRunner.ValidateAdminFunctionlity()[pri:0, instance:Test_Runner.AdminRunner@5ddeb7cb]" name="ValidateAdminFunctionlity" class="Test_Runner.AdminRunner"/>
      </group> <!-- smoke -->
    </groups>
    <test started-at="2026-09-23T21:35:54 IST" name="User check Admin Module and leave module" finished-at="2026-09-23T21:36:37 IST" duration-ms="43058">
      <class name="Test_Runner.LeaveRunner">
        <test-method is-config="true" signature="Beforeclassmethod()[pri:0, instance:Test_Runner.LeaveRunner@45d84a20]" started-at="2026-09-23T21:36:14 IST" name="Beforeclassmethod" finished-at="2026-09-23T21:36:14 IST" duration-ms="1" status="PASS">
          <reporter-output>
          </reporter-output>
        </test-method> <!-- Beforeclassmethod -->
        <test-method is-config="true" signature="LaunchApp(java.lang.String)[pri:0, instance:Test_Runner.LeaveRunner@45d84a20]" started-at="2026-09-23T21:36:14 IST" name="LaunchApp" finished-at="2026-09-23T21:36:20 IST" duration-ms="6160" status="PASS">
          <params>
            <param index="0">
              <value>
                <![CDATA[chrome]]>
              </value>
            </param>
          </params>
          <reporter-output>
          </reporter-output>
        </test-method> <!-- LaunchApp -->
        <test-method is-config="true" signature="driverinit()[pri:0, instance:Test_Runner.LeaveRunner@45d84a20]" started-at="2026-09-23T21:36:20 IST" name="driverinit" finished-at="2026-09-23T21:36:20 IST" duration-ms="19" status="PASS">
          <reporter-output>
          </reporter-output>
        </test-method> <!-- driverinit -->
        <test-method signature="Leave_functionlity()[pri:0, instance:Test_Runner.LeaveRunner@45d84a20]" started-at="2026-09-23T21:36:20 IST" name="Leave_functionlity" finished-at="2026-09-23T21:36:37 IST" duration-ms="17506" status="PASS">
          <reporter-output>
          </reporter-output>
        </test-method> <!-- Leave_functionlity -->
        <test-method is-config="true" signature="close(org.testng.ITestResult)[pri:0, instance:Test_Runner.LeaveRunner@45d84a20]" started-at="2026-09-23T21:36:37 IST" name="close" finished-at="2026-09-23T21:36:37 IST" duration-ms="157" status="PASS">
          <params>
            <param index="0">
              <value>
                <![CDATA[[TestResult name=Leave_functionlity status=SUCCESS method=LeaveRunner.Leave_functionlity()[pri:0, instance:Test_Runner.LeaveRunner@45d84a20] output={null}]]]>
              </value>
            </param>
          </params>
          <reporter-output>
          </reporter-output>
        </test-method> <!-- close -->
      </class> <!-- Test_Runner.LeaveRunner -->
      <class name="Test_Runner.AdminRunner">
        <test-method is-config="true" signature="Beforeclassmethod()[pri:0, instance:Test_Runner.AdminRunner@5ddeb7cb]" started-at="2026-09-23T21:35:54 IST" name="Beforeclassmethod" finished-at="2026-09-23T21:35:54 IST" duration-ms="1" status="PASS">
          <reporter-output>
          </reporter-output>
        </test-method> <!-- Beforeclassmethod -->
        <test-method is-config="true" signature="LaunchApp(java.lang.String)[pri:0, instance:Test_Runner.AdminRunner@5ddeb7cb]" started-at="2026-09-23T21:35:54 IST" name="LaunchApp" finished-at="2026-09-23T21:36:00 IST" duration-ms="6039" status="PASS">
          <params>
            <param index="0">
              <value>
                <![CDATA[chrome]]>
              </value>
            </param>
          </params>
          <reporter-output>
          </reporter-output>
        </test-method> <!-- LaunchApp -->
        <test-method is-config="true" signature="initPage()[pri:0, instance:Test_Runner.AdminRunner@5ddeb7cb]" started-at="2026-09-23T21:36:00 IST" name="initPage" finished-at="2026-09-23T21:36:00 IST" duration-ms="8" status="PASS">
          <reporter-output>
          </reporter-output>
        </test-method> <!-- initPage -->
        <test-method signature="UservalidateusernameClear()[pri:0, instance:Test_Runner.AdminRunner@5ddeb7cb]" started-at="2026-09-23T21:36:00 IST" name="UservalidateusernameClear" finished-at="2026-09-23T21:36:02 IST" duration-ms="1239" status="PASS">
          <reporter-output>
          </reporter-output>
        </test-method> <!-- UservalidateusernameClear -->
        <test-method is-config="true" signature="close(org.testng.ITestResult)[pri:0, instance:Test_Runner.AdminRunner@5ddeb7cb]" started-at="2026-09-23T21:36:02 IST" name="close" finished-at="2026-09-23T21:36:02 IST" duration-ms="169" status="PASS">
          <params>
            <param index="0">
              <value>
                <![CDATA[[TestResult name=UservalidateusernameClear status=SUCCESS method=AdminRunner.UservalidateusernameClear()[pri:0, instance:Test_Runner.AdminRunner@5ddeb7cb] output={null}]]]>
              </value>
            </param>
          </params>
          <reporter-output>
          </reporter-output>
        </test-method> <!-- close -->
        <test-method is-config="true" signature="LaunchApp(java.lang.String)[pri:0, instance:Test_Runner.AdminRunner@5ddeb7cb]" started-at="2026-09-23T21:36:02 IST" name="LaunchApp" finished-at="2026-09-23T21:36:08 IST" duration-ms="5691" status="PASS">
          <params>
            <param index="0">
              <value>
                <![CDATA[chrome]]>
              </value>
            </param>
          </params>
          <reporter-output>
          </reporter-output>
        </test-method> <!-- LaunchApp -->
        <test-method signature="ValidateAdminFunctionlity()[pri:0, instance:Test_Runner.AdminRunner@5ddeb7cb]" started-at="2026-09-23T21:36:08 IST" name="ValidateAdminFunctionlity" finished-at="2026-09-23T21:36:13 IST" duration-ms="5820" status="PASS">
          <reporter-output>
          </reporter-output>
        </test-method> <!-- ValidateAdminFunctionlity -->
        <test-method is-config="true" signature="initPage()[pri:0, instance:Test_Runner.AdminRunner@5ddeb7cb]" started-at="2026-09-23T21:36:08 IST" name="initPage" finished-at="2026-09-23T21:36:08 IST" duration-ms="0" status="PASS">
          <reporter-output>
          </reporter-output>
        </test-method> <!-- initPage -->
        <test-method is-config="true" signature="close(org.testng.ITestResult)[pri:0, instance:Test_Runner.AdminRunner@5ddeb7cb]" started-at="2026-09-23T21:36:13 IST" name="close" finished-at="2026-09-23T21:36:14 IST" duration-ms="188" status="PASS">
          <params>
            <param index="0">
              <value>
                <![CDATA[[TestResult name=ValidateAdminFunctionlity status=SUCCESS method=AdminRunner.ValidateAdminFunctionlity()[pri:0, instance:Test_Runner.AdminRunner@5ddeb7cb] output={null}]]]>
              </value>
            </param>
          </params>
          <reporter-output>
          </reporter-output>
        </test-method> <!-- close -->
      </class> <!-- Test_Runner.AdminRunner -->
    </test> <!-- User check Admin Module and leave module -->
    <test started-at="2026-09-23T21:36:37 IST" name="User check PIM module" finished-at="2026-09-23T21:37:19 IST" duration-ms="41506">
      <class name="Test_Runner.DirectioryRunner">
        <test-method is-config="true" signature="Beforeclassmethod()[pri:0, instance:Test_Runner.DirectioryRunner@782859e]" started-at="2026-09-23T21:36:48 IST" name="Beforeclassmethod" finished-at="2026-09-23T21:36:48 IST" duration-ms="0" status="PASS">
          <reporter-output>
          </reporter-output>
        </test-method> <!-- Beforeclassmethod -->
        <test-method is-config="true" signature="LaunchApp(java.lang.String)[pri:0, instance:Test_Runner.DirectioryRunner@782859e]" started-at="2026-09-23T21:36:48 IST" name="LaunchApp" finished-at="2026-09-23T21:36:53 IST" duration-ms="4909" status="PASS">
          <params>
            <param index="0">
              <value>
                <![CDATA[chrome]]>
              </value>
            </param>
          </params>
          <reporter-output>
          </reporter-output>
        </test-method> <!-- LaunchApp -->
        <test-method is-config="true" signature="driversetup()[pri:0, instance:Test_Runner.DirectioryRunner@782859e]" started-at="2026-09-23T21:36:53 IST" name="driversetup" finished-at="2026-09-23T21:36:53 IST" duration-ms="4" status="PASS">
          <reporter-output>
          </reporter-output>
        </test-method> <!-- driversetup -->
        <test-method signature="Directory_functionlity(java.lang.String)[pri:0, instance:Test_Runner.DirectioryRunner@782859e]" started-at="2026-09-23T21:36:53 IST" name="Directory_functionlity" data-provider="data" finished-at="2026-09-23T21:36:58 IST" duration-ms="5552" status="PASS">
          <params>
            <param index="0">
              <value>
                <![CDATA[user1]]>
              </value>
            </param>
          </params>
          <reporter-output>
          </reporter-output>
        </test-method> <!-- Directory_functionlity -->
        <test-method is-config="true" signature="close(org.testng.ITestResult)[pri:0, instance:Test_Runner.DirectioryRunner@782859e]" started-at="2026-09-23T21:36:58 IST" name="close" finished-at="2026-09-23T21:36:58 IST" duration-ms="179" status="PASS">
          <params>
            <param index="0">
              <value>
                <![CDATA[[TestResult name=Directory_functionlity status=SUCCESS method=DirectioryRunner.Directory_functionlity(java.lang.String)[pri:0, instance:Test_Runner.DirectioryRunner@782859e] output={null}]]]>
              </value>
            </param>
          </params>
          <reporter-output>
          </reporter-output>
        </test-method> <!-- close -->
        <test-method is-config="true" signature="LaunchApp(java.lang.String)[pri:0, instance:Test_Runner.DirectioryRunner@782859e]" started-at="2026-09-23T21:36:58 IST" name="LaunchApp" finished-at="2026-09-23T21:37:04 IST" duration-ms="5743" status="PASS">
          <params>
            <param index="0">
              <value>
                <![CDATA[chrome]]>
              </value>
            </param>
          </params>
          <reporter-output>
          </reporter-output>
        </test-method> <!-- LaunchApp -->
        <test-method is-config="true" signature="driversetup()[pri:0, instance:Test_Runner.DirectioryRunner@782859e]" started-at="2026-09-23T21:37:04 IST" name="driversetup" finished-at="2026-09-23T21:37:04 IST" duration-ms="2" status="PASS">
          <reporter-output>
          </reporter-output>
        </test-method> <!-- driversetup -->
        <test-method signature="Directory_functionlity(java.lang.String)[pri:0, instance:Test_Runner.DirectioryRunner@782859e]" started-at="2026-09-23T21:37:04 IST" name="Directory_functionlity" data-provider="data" finished-at="2026-09-23T21:37:08 IST" duration-ms="4245" status="PASS">
          <params>
            <param index="0">
              <value>
                <![CDATA[user2]]>
              </value>
            </param>
          </params>
          <reporter-output>
          </reporter-output>
        </test-method> <!-- Directory_functionlity -->
        <test-method is-config="true" signature="close(org.testng.ITestResult)[pri:0, instance:Test_Runner.DirectioryRunner@782859e]" started-at="2026-09-23T21:37:08 IST" name="close" finished-at="2026-09-23T21:37:08 IST" duration-ms="177" status="PASS">
          <params>
            <param index="0">
              <value>
                <![CDATA[[TestResult name=Directory_functionlity status=SUCCESS method=DirectioryRunner.Directory_functionlity(java.lang.String)[pri:0, instance:Test_Runner.DirectioryRunner@782859e] output={null}]]]>
              </value>
            </param>
          </params>
          <reporter-output>
          </reporter-output>
        </test-method> <!-- close -->
        <test-method is-config="true" signature="LaunchApp(java.lang.String)[pri:0, instance:Test_Runner.DirectioryRunner@782859e]" started-at="2026-09-23T21:37:08 IST" name="LaunchApp" finished-at="2026-09-23T21:37:15 IST" duration-ms="6110" status="PASS">
          <params>
            <param index="0">
              <value>
                <![CDATA[chrome]]>
              </value>
            </param>
          </params>
          <reporter-output>
          </reporter-output>
        </test-method> <!-- LaunchApp -->
        <test-method is-config="true" signature="driversetup()[pri:0, instance:Test_Runner.DirectioryRunner@782859e]" started-at="2026-09-23T21:37:15 IST" name="driversetup" finished-at="2026-09-23T21:37:15 IST" duration-ms="4" status="PASS">
          <reporter-output>
          </reporter-output>
        </test-method> <!-- driversetup -->
        <test-method signature="Directory_functionlity(java.lang.String)[pri:0, instance:Test_Runner.DirectioryRunner@782859e]" started-at="2026-09-23T21:37:15 IST" name="Directory_functionlity" data-provider="data" finished-at="2026-09-23T21:37:19 IST" duration-ms="4263" status="PASS">
          <params>
            <param index="0">
              <value>
                <![CDATA[user3]]>
              </value>
            </param>
          </params>
          <reporter-output>
          </reporter-output>
        </test-method> <!-- Directory_functionlity -->
        <test-method is-config="true" signature="close(org.testng.ITestResult)[pri:0, instance:Test_Runner.DirectioryRunner@782859e]" started-at="2026-09-23T21:37:19 IST" name="close" finished-at="2026-09-23T21:37:19 IST" duration-ms="180" status="PASS">
          <params>
            <param index="0">
              <value>
                <![CDATA[[TestResult name=Directory_functionlity status=SUCCESS method=DirectioryRunner.Directory_functionlity(java.lang.String)[pri:0, instance:Test_Runner.DirectioryRunner@782859e] output={null}]]]>
              </value>
            </param>
          </params>
          <reporter-output>
          </reporter-output>
        </test-method> <!-- close -->
      </class> <!-- Test_Runner.DirectioryRunner -->
      <class name="Test_Runner.PIMRunner">
        <test-method is-config="true" signature="BeforeSuitmehtod()[pri:0, instance:Test_Runner.PIMRunner@3932c79a]" started-at="2026-09-23T21:35:54 IST" name="BeforeSuitmehtod" finished-at="2026-09-23T21:35:54 IST" duration-ms="12" status="PASS">
          <reporter-output>
          </reporter-output>
        </test-method> <!-- BeforeSuitmehtod -->
        <test-method is-config="true" signature="Beforeclassmethod()[pri:0, instance:Test_Runner.PIMRunner@3932c79a]" started-at="2026-09-23T21:36:37 IST" name="Beforeclassmethod" finished-at="2026-09-23T21:36:37 IST" duration-ms="1" status="PASS">
          <reporter-output>
          </reporter-output>
        </test-method> <!-- Beforeclassmethod -->
        <test-method is-config="true" signature="LaunchApp(java.lang.String)[pri:0, instance:Test_Runner.PIMRunner@3932c79a]" started-at="2026-09-23T21:36:37 IST" name="LaunchApp" finished-at="2026-09-23T21:36:44 IST" duration-ms="6522" status="PASS">
          <params>
            <param index="0">
              <value>
                <![CDATA[chrome]]>
              </value>
            </param>
          </params>
          <reporter-output>
          </reporter-output>
        </test-method> <!-- LaunchApp -->
        <test-method is-config="true" signature="driversetup()[pri:0, instance:Test_Runner.PIMRunner@3932c79a]" started-at="2026-09-23T21:36:44 IST" name="driversetup" finished-at="2026-09-23T21:36:44 IST" duration-ms="2" status="PASS">
          <reporter-output>
          </reporter-output>
        </test-method> <!-- driversetup -->
        <test-method signature="ValidatePIMfunctionlity()[pri:0, instance:Test_Runner.PIMRunner@3932c79a]" started-at="2026-09-23T21:36:44 IST" name="ValidatePIMfunctionlity" finished-at="2026-09-23T21:36:47 IST" duration-ms="3369" status="PASS">
          <reporter-output>
          </reporter-output>
        </test-method> <!-- ValidatePIMfunctionlity -->
        <test-method is-config="true" signature="close(org.testng.ITestResult)[pri:0, instance:Test_Runner.PIMRunner@3932c79a]" started-at="2026-09-23T21:36:47 IST" name="close" finished-at="2026-09-23T21:36:48 IST" duration-ms="212" status="PASS">
          <params>
            <param index="0">
              <value>
                <![CDATA[[TestResult name=ValidatePIMfunctionlity status=SUCCESS method=PIMRunner.ValidatePIMfunctionlity()[pri:0, instance:Test_Runner.PIMRunner@3932c79a] output={null}]]]>
              </value>
            </param>
          </params>
          <reporter-output>
          </reporter-output>
        </test-method> <!-- close -->
      </class> <!-- Test_Runner.PIMRunner -->
    </test> <!-- User check PIM module -->
  </suite> <!-- All Scenarios -->
</testng-results>
