<?xml version="1.0" encoding="UTF-8"?>
<!-- Generated by org.testng.reporters.JUnitReportReporter -->
<testsuite hostname="DESKTOP-G7826BS" failures="0" tests="3" name="Test_Runner.DirectioryRunner" time="32.704" errors="0" timestamp="2026-09-16T14:06:56 IST" skipped="0">
  <testcase classname="Test_Runner.DirectioryRunner" name="Directory_functionlity" time="10.987"/>
  <testcase classname="Test_Runner.DirectioryRunner" name="Directory_functionlity" time="10.161"/>
  <testcase classname="Test_Runner.DirectioryRunner" name="Directory_functionlity" time="11.556"/>
</testsuite> <!-- Test_Runner.DirectioryRunner -->
