<?xml version="1.0" encoding="UTF-8"?>
<!-- Generated by org.testng.reporters.JUnitReportReporter -->
<testsuite hostname="DESKTOP-G7826BS" failures="0" tests="2" name="Test_Runner.AdminRunner" time="19.154" errors="0" timestamp="2026-09-23T21:37:19 IST" skipped="0">
  <testcase classname="Test_Runner.AdminRunner" name="UservalidateusernameClear" time="7.474"/>
  <testcase classname="Test_Runner.AdminRunner" name="ValidateAdminFunctionlity" time="11.680"/>
</testsuite> <!-- Test_Runner.AdminRunner -->
