<?xml version="1.0" encoding="UTF-8"?>
<!-- Generated by org.testng.reporters.JUnitReportReporter -->
<testsuite hostname="DESKTOP-G7826BS" failures="0" tests="3" name="Test_Runner.DirectioryRunner" time="31.368" errors="0" timestamp="2026-09-23T21:37:19 IST" skipped="0">
  <testcase classname="Test_Runner.DirectioryRunner" name="Directory_functionlity" time="9.355"/>
  <testcase classname="Test_Runner.DirectioryRunner" name="Directory_functionlity" time="10.169"/>
  <testcase classname="Test_Runner.DirectioryRunner" name="Directory_functionlity" time="11.844"/>
</testsuite> <!-- Test_Runner.DirectioryRunner -->
