<?xml version="1.0" encoding="UTF-8"?>
<!-- Generated by org.testng.reporters.JUnitReportReporter -->
<testsuite hostname="DESKTOP-G7826BS" failures="0" tests="2" name="Test_Runner.AdminRunner" time="21.135" errors="0" timestamp="2026-09-16T14:06:56 IST" skipped="0">
  <testcase classname="Test_Runner.AdminRunner" name="UservalidateusernameClear" time="8.740"/>
  <testcase classname="Test_Runner.AdminRunner" name="ValidateAdminFunctionlity" time="12.395"/>
</testsuite> <!-- Test_Runner.AdminRunner -->
